<?xml version="1.0" encoding="UTF-8"?><testsuite errors="0" failures="1" name="BookingMobile.features.search.LoginStory" skipped="0" tests="1" time="0.0" timestamp="2020-05-15 02:11:46"><testcase classname="BookingMobile.features.search.LoginStory" name="Initialisation"><failure message="The page object class BookingMobile.ui.Homepage looks dodgy:&#10;Failed to instantiate page (net.thucydides.core.webdriver.DriverConfigurationError: Could not instantiate class io.appium.java_client.AppiumDriver)" type="net.thucydides.core.pages.WrongPageError">The page object class BookingMobile.ui.Homepage looks dodgy:
Failed to instantiate page (net.thucydides.core.webdriver.DriverConfigurationError: Could not instantiate class io.appium.java_client.AppiumDriver)</failure><system-err>The page object class BookingMobile.ui.Homepage looks dodgy:
Failed to instantiate page (net.thucydides.core.webdriver.DriverConfigurationError: Could not instantiate class io.appium.java_client.AppiumDriver)&#13;
</system-err></testcase></testsuite>